# JRE version: Java(TM) SE Runtime Environment (9.0+11) (build 9.0.4+11)
# Java VM: Java HotSpot(TM) 64-Bit Server VM (9.0.4+11, mixed mode, tiered, compressed oops, g1 gc, windows-amd64)
Heap:
 garbage-first heap   total 198656K, used 110254K [0x0000000700000000, 0x0000000700100610, 0x00000007c0000000)
  region size 1024K, 40 young (40960K), 1 survivors (1024K)
 Metaspace       used 84928K, capacity 87482K, committed 95024K, reserved 1130496K
  class space    used 11312K, capacity 11833K, committed 13360K, reserved 1048576K
GC Heap History (10 events):
Event: 3761.914 GC heap before
{Heap before GC invocations=1338 (full 443):
 garbage-first heap   total 198656K, used 76794K [0x0000000700000000, 0x0000000700100610, 0x00000007c0000000)
  region size 1024K, 7 young (7168K), 0 survivors (0K)
 Metaspace       used 84924K, capacity 87482K, committed 95024K, reserved 1130496K
  class space    used 11312K, capacity 11833K, committed 13360K, reserved 1048576K
}
Event: 3762.119 GC heap after
{Heap after GC invocations=1339 (full 444):
 garbage-first heap   total 198656K, used 70656K [0x0000000700000000, 0x0000000700100610, 0x00000007c0000000)
  region size 1024K, 0 young (0K), 0 survivors (0K)
 Metaspace       used 84924K, capacity 87482K, committed 95024K, reserved 1130496K
  class space    used 11312K, capacity 11833K, committed 13360K, reserved 1048576K
}
Event: 3766.048 GC heap before
{Heap before GC invocations=1339 (full 444):
 garbage-first heap   total 198656K, used 79872K [0x0000000700000000, 0x0000000700100610, 0x00000007c0000000)
  region size 1024K, 10 young (10240K), 0 survivors (0K)
 Metaspace       used 84924K, capacity 87482K, committed 95024K, reserved 1130496K
  class space    used 11312K, capacity 11833K, committed 13360K, reserved 1048576K
}
Event: 3766.254 GC heap after
{Heap after GC invocations=1340 (full 445):
 garbage-first heap   total 198656K, used 70646K [0x0000000700000000, 0x0000000700100610, 0x00000007c0000000)
  region size 1024K, 0 young (0K), 0 survivors (0K)
 Metaspace       used 84924K, capacity 87482K, committed 95024K, reserved 1130496K
  class space    used 11312K, capacity 11833K, committed 13360K, reserved 1048576K
}
Event: 3770.340 GC heap before
{Heap before GC invocations=1340 (full 445):
 garbage-first heap   total 198656K, used 83958K [0x0000000700000000, 0x0000000700100610, 0x00000007c0000000)
  region size 1024K, 10 young (10240K), 0 survivors (0K)
 Metaspace       used 84924K, capacity 87482K, committed 95024K, reserved 1130496K
  class space    used 11312K, capacity 11833K, committed 13360K, reserved 1048576K
}
Event: 3770.550 GC heap after
{Heap after GC invocations=1341 (full 446):
 garbage-first heap   total 198656K, used 70594K [0x0000000700000000, 0x0000000700100610, 0x00000007c0000000)
  region size 1024K, 0 young (0K), 0 survivors (0K)
 Metaspace       used 84924K, capacity 87482K, committed 95024K, reserved 1130496K
  class space    used 11312K, capacity 11833K, committed 13360K, reserved 1048576K
}
Event: 3771.794 GC heap before
{Heap before GC invocations=1341 (full 446):
 garbage-first heap   total 198656K, used 84930K [0x0000000700000000, 0x0000000700100610, 0x00000007c0000000)
  region size 1024K, 11 young (11264K), 0 survivors (0K)
 Metaspace       used 84924K, capacity 87482K, committed 95024K, reserved 1130496K
  class space    used 11312K, capacity 11833K, committed 13360K, reserved 1048576K
}
Event: 3772.000 GC heap after
{Heap after GC invocations=1342 (full 447):
 garbage-first heap   total 198656K, used 70612K [0x0000000700000000, 0x0000000700100610, 0x00000007c0000000)
  region size 1024K, 0 young (0K), 0 survivors (0K)
 Metaspace       used 84924K, capacity 87482K, committed 95024K, reserved 1130496K
  class space    used 11312K, capacity 11833K, committed 13360K, reserved 1048576K
}
Event: 3804.083 GC heap before
{Heap before GC invocations=1342 (full 447):
 garbage-first heap   total 198656K, used 132052K [0x0000000700000000, 0x0000000700100610, 0x00000007c0000000)
  region size 1024K, 60 young (61440K), 0 survivors (0K)
 Metaspace       used 84928K, capacity 87482K, committed 95024K, reserved 1130496K
  class space    used 11312K, capacity 11833K, committed 13360K, reserved 1048576K
}
Event: 3804.088 GC heap after
{Heap after GC invocations=1343 (full 447):
 garbage-first heap   total 198656K, used 71342K [0x0000000700000000, 0x0000000700100610, 0x00000007c0000000)
  region size 1024K, 1 young (1024K), 1 survivors (1024K)
 Metaspace       used 84928K, capacity 87482K, committed 95024K, reserved 1130496K
  class space    used 11312K, capacity 11833K, committed 13360K, reserved 1048576K
}

