# JRE version: Java(TM) SE Runtime Environment (9.0+11) (build 9.0.4+11)
# Java VM: Java HotSpot(TM) 64-Bit Server VM (9.0.4+11, mixed mode, tiered, compressed oops, g1 gc, windows-amd64)
Heap:
 garbage-first heap   total 200704K, used 67393K [0x0000000700000000, 0x0000000700100620, 0x00000007c0000000)
  region size 1024K, 8 young (8192K), 2 survivors (2048K)
 Metaspace       used 81003K, capacity 82960K, committed 90364K, reserved 1128448K
  class space    used 10357K, capacity 10762K, committed 12284K, reserved 1048576K
GC Heap History (10 events):
Event: 12965.190 GC heap before
{Heap before GC invocations=1726 (full 871):
 garbage-first heap   total 200704K, used 122263K [0x0000000700000000, 0x0000000700100620, 0x00000007c0000000)
  region size 1024K, 60 young (61440K), 1 survivors (1024K)
 Metaspace       used 81002K, capacity 82960K, committed 90364K, reserved 1128448K
  class space    used 10357K, capacity 10762K, committed 12284K, reserved 1048576K
}
Event: 12965.193 GC heap after
{Heap after GC invocations=1727 (full 871):
 garbage-first heap   total 200704K, used 61727K [0x0000000700000000, 0x0000000700100620, 0x00000007c0000000)
  region size 1024K, 1 young (1024K), 1 survivors (1024K)
 Metaspace       used 81002K, capacity 82960K, committed 90364K, reserved 1128448K
  class space    used 10357K, capacity 10762K, committed 12284K, reserved 1048576K
}
Event: 12997.332 GC heap before
{Heap before GC invocations=1727 (full 871):
 garbage-first heap   total 200704K, used 122143K [0x0000000700000000, 0x0000000700100620, 0x00000007c0000000)
  region size 1024K, 60 young (61440K), 1 survivors (1024K)
 Metaspace       used 81003K, capacity 82960K, committed 90364K, reserved 1128448K
  class space    used 10357K, capacity 10762K, committed 12284K, reserved 1048576K
}
Event: 12997.337 GC heap after
{Heap after GC invocations=1728 (full 871):
 garbage-first heap   total 200704K, used 61931K [0x0000000700000000, 0x0000000700100620, 0x00000007c0000000)
  region size 1024K, 1 young (1024K), 1 survivors (1024K)
 Metaspace       used 81003K, capacity 82960K, committed 90364K, reserved 1128448K
  class space    used 10357K, capacity 10762K, committed 12284K, reserved 1048576K
}
Event: 13043.424 GC heap before
{Heap before GC invocations=1728 (full 871):
 garbage-first heap   total 200704K, used 122347K [0x0000000700000000, 0x0000000700100620, 0x00000007c0000000)
  region size 1024K, 60 young (61440K), 1 survivors (1024K)
 Metaspace       used 81003K, capacity 82960K, committed 90364K, reserved 1128448K
  class space    used 10357K, capacity 10762K, committed 12284K, reserved 1048576K
}
Event: 13043.430 GC heap after
{Heap after GC invocations=1729 (full 871):
 garbage-first heap   total 200704K, used 61992K [0x0000000700000000, 0x0000000700100620, 0x00000007c0000000)
  region size 1024K, 1 young (1024K), 1 survivors (1024K)
 Metaspace       used 81003K, capacity 82960K, committed 90364K, reserved 1128448K
  class space    used 10357K, capacity 10762K, committed 12284K, reserved 1048576K
}
Event: 13077.572 GC heap before
{Heap before GC invocations=1729 (full 871):
 garbage-first heap   total 200704K, used 122408K [0x0000000700000000, 0x0000000700100620, 0x00000007c0000000)
  region size 1024K, 60 young (61440K), 1 survivors (1024K)
 Metaspace       used 81003K, capacity 82960K, committed 90364K, reserved 1128448K
  class space    used 10357K, capacity 10762K, committed 12284K, reserved 1048576K
}
Event: 13077.575 GC heap after
{Heap after GC invocations=1730 (full 871):
 garbage-first heap   total 200704K, used 62548K [0x0000000700000000, 0x0000000700100620, 0x00000007c0000000)
  region size 1024K, 2 young (2048K), 2 survivors (2048K)
 Metaspace       used 81003K, capacity 82960K, committed 90364K, reserved 1128448K
  class space    used 10357K, capacity 10762K, committed 12284K, reserved 1048576K
}
Event: 13080.246 GC heap before
{Heap before GC invocations=1730 (full 871):
 garbage-first heap   total 200704K, used 121940K [0x0000000700000000, 0x0000000700100620, 0x00000007c0000000)
  region size 1024K, 60 young (61440K), 2 survivors (2048K)
 Metaspace       used 81003K, capacity 82960K, committed 90364K, reserved 1128448K
  class space    used 10357K, capacity 10762K, committed 12284K, reserved 1048576K
}
Event: 13080.249 GC heap after
{Heap after GC invocations=1731 (full 871):
 garbage-first heap   total 200704K, used 62273K [0x0000000700000000, 0x0000000700100620, 0x00000007c0000000)
  region size 1024K, 2 young (2048K), 2 survivors (2048K)
 Metaspace       used 81003K, capacity 82960K, committed 90364K, reserved 1128448K
  class space    used 10357K, capacity 10762K, committed 12284K, reserved 1048576K
}

