# JRE version: Java(TM) SE Runtime Environment (9.0+11) (build 9.0.4+11)
# Java VM: Java HotSpot(TM) 64-Bit Server VM (9.0.4+11, mixed mode, tiered, compressed oops, g1 gc, windows-amd64)
Heap:
 garbage-first heap   total 189440K, used 71796K [0x0000000700000000, 0x00000007001005c8, 0x00000007c0000000)
  region size 1024K, 6 young (6144K), 1 survivors (1024K)
 Metaspace       used 82097K, capacity 84718K, committed 89904K, reserved 1126400K
  class space    used 10952K, capacity 11485K, committed 12592K, reserved 1048576K
GC Heap History (10 events):
Event: 4487.479 GC heap before
{Heap before GC invocations=547 (full 109):
 garbage-first heap   total 189440K, used 67336K [0x0000000700000000, 0x00000007001005c8, 0x00000007c0000000)
  region size 1024K, 6 young (6144K), 1 survivors (1024K)
 Metaspace       used 82085K, capacity 84718K, committed 89904K, reserved 1126400K
  class space    used 10952K, capacity 11485K, committed 12592K, reserved 1048576K
}
Event: 4487.668 GC heap after
{Heap after GC invocations=548 (full 110):
 garbage-first heap   total 189440K, used 62777K [0x0000000700000000, 0x00000007001005c8, 0x00000007c0000000)
  region size 1024K, 0 young (0K), 0 survivors (0K)
 Metaspace       used 82085K, capacity 84718K, committed 89904K, reserved 1126400K
  class space    used 10952K, capacity 11485K, committed 12592K, reserved 1048576K
}
Event: 4489.232 GC heap before
{Heap before GC invocations=548 (full 110):
 garbage-first heap   total 189440K, used 69945K [0x0000000700000000, 0x00000007001005c8, 0x00000007c0000000)
  region size 1024K, 4 young (4096K), 0 survivors (0K)
 Metaspace       used 82089K, capacity 84718K, committed 89904K, reserved 1126400K
  class space    used 10952K, capacity 11485K, committed 12592K, reserved 1048576K
}
Event: 4489.410 GC heap after
{Heap after GC invocations=549 (full 111):
 garbage-first heap   total 189440K, used 62766K [0x0000000700000000, 0x00000007001005c8, 0x00000007c0000000)
  region size 1024K, 0 young (0K), 0 survivors (0K)
 Metaspace       used 82089K, capacity 84718K, committed 89904K, reserved 1126400K
  class space    used 10952K, capacity 11485K, committed 12592K, reserved 1048576K
}
Event: 4505.911 GC heap before
{Heap before GC invocations=549 (full 111):
 garbage-first heap   total 189440K, used 128302K [0x0000000700000000, 0x00000007001005c8, 0x00000007c0000000)
  region size 1024K, 60 young (61440K), 0 survivors (0K)
 Metaspace       used 82090K, capacity 84718K, committed 89904K, reserved 1126400K
  class space    used 10952K, capacity 11485K, committed 12592K, reserved 1048576K
}
Event: 4505.914 GC heap after
{Heap after GC invocations=550 (full 111):
 garbage-first heap   total 189440K, used 67298K [0x0000000700000000, 0x00000007001005c8, 0x00000007c0000000)
  region size 1024K, 1 young (1024K), 1 survivors (1024K)
 Metaspace       used 82090K, capacity 84718K, committed 89904K, reserved 1126400K
  class space    used 10952K, capacity 11485K, committed 12592K, reserved 1048576K
}
Event: 4518.258 GC heap before
{Heap before GC invocations=550 (full 111):
 garbage-first heap   total 189440K, used 127714K [0x0000000700000000, 0x00000007001005c8, 0x00000007c0000000)
  region size 1024K, 60 young (61440K), 1 survivors (1024K)
 Metaspace       used 82093K, capacity 84718K, committed 89904K, reserved 1126400K
  class space    used 10952K, capacity 11485K, committed 12592K, reserved 1048576K
}
Event: 4518.261 GC heap after
{Heap after GC invocations=551 (full 111):
 garbage-first heap   total 189440K, used 67463K [0x0000000700000000, 0x00000007001005c8, 0x00000007c0000000)
  region size 1024K, 1 young (1024K), 1 survivors (1024K)
 Metaspace       used 82093K, capacity 84718K, committed 89904K, reserved 1126400K
  class space    used 10952K, capacity 11485K, committed 12592K, reserved 1048576K
}
Event: 4520.911 GC heap before
{Heap before GC invocations=551 (full 111):
 garbage-first heap   total 189440K, used 127879K [0x0000000700000000, 0x00000007001005c8, 0x00000007c0000000)
  region size 1024K, 60 young (61440K), 1 survivors (1024K)
 Metaspace       used 82097K, capacity 84718K, committed 89904K, reserved 1126400K
  class space    used 10952K, capacity 11485K, committed 12592K, reserved 1048576K
}
Event: 4520.914 GC heap after
{Heap after GC invocations=552 (full 111):
 garbage-first heap   total 189440K, used 67700K [0x0000000700000000, 0x00000007001005c8, 0x00000007c0000000)
  region size 1024K, 1 young (1024K), 1 survivors (1024K)
 Metaspace       used 82097K, capacity 84718K, committed 89904K, reserved 1126400K
  class space    used 10952K, capacity 11485K, committed 12592K, reserved 1048576K
}

