# JRE version: Java(TM) SE Runtime Environment (9.0+11) (build 9.0.4+11)
# Java VM: Java HotSpot(TM) 64-Bit Server VM (9.0.4+11, mixed mode, tiered, compressed oops, g1 gc, windows-amd64)
Heap:
 garbage-first heap   total 189440K, used 88399K [0x0000000700000000, 0x00000007001005c8, 0x00000007c0000000)
  region size 1024K, 26 young (26624K), 0 survivors (0K)
 Metaspace       used 79674K, capacity 85278K, committed 85500K, reserved 1122304K
  class space    used 10735K, capacity 11701K, committed 11772K, reserved 1048576K
GC Heap History (10 events):
Event: 1155.432 GC heap before
{Heap before GC invocations=248 (full 108):
 garbage-first heap   total 189440K, used 127275K [0x0000000700000000, 0x00000007001005c8, 0x00000007c0000000)
  region size 1024K, 60 young (61440K), 0 survivors (0K)
 Metaspace       used 79663K, capacity 85278K, committed 85500K, reserved 1122304K
  class space    used 10735K, capacity 11701K, committed 11772K, reserved 1048576K
}
Event: 1155.435 GC heap after
{Heap after GC invocations=249 (full 108):
 garbage-first heap   total 189440K, used 66612K [0x0000000700000000, 0x00000007001005c8, 0x00000007c0000000)
  region size 1024K, 1 young (1024K), 1 survivors (1024K)
 Metaspace       used 79663K, capacity 85278K, committed 85500K, reserved 1122304K
  class space    used 10735K, capacity 11701K, committed 11772K, reserved 1048576K
}
Event: 1155.927 GC heap before
{Heap before GC invocations=249 (full 108):
 garbage-first heap   total 189440K, used 127028K [0x0000000700000000, 0x00000007001005c8, 0x00000007c0000000)
  region size 1024K, 60 young (61440K), 1 survivors (1024K)
 Metaspace       used 79663K, capacity 85278K, committed 85500K, reserved 1122304K
  class space    used 10735K, capacity 11701K, committed 11772K, reserved 1048576K
}
Event: 1155.930 GC heap after
{Heap after GC invocations=250 (full 108):
 garbage-first heap   total 189440K, used 66556K [0x0000000700000000, 0x00000007001005c8, 0x00000007c0000000)
  region size 1024K, 1 young (1024K), 1 survivors (1024K)
 Metaspace       used 79663K, capacity 85278K, committed 85500K, reserved 1122304K
  class space    used 10735K, capacity 11701K, committed 11772K, reserved 1048576K
}
Event: 1157.514 GC heap before
{Heap before GC invocations=250 (full 108):
 garbage-first heap   total 189440K, used 126972K [0x0000000700000000, 0x00000007001005c8, 0x00000007c0000000)
  region size 1024K, 60 young (61440K), 1 survivors (1024K)
 Metaspace       used 79663K, capacity 85278K, committed 85500K, reserved 1122304K
  class space    used 10735K, capacity 11701K, committed 11772K, reserved 1048576K
}
Event: 1157.518 GC heap after
{Heap after GC invocations=251 (full 108):
 garbage-first heap   total 189440K, used 66630K [0x0000000700000000, 0x00000007001005c8, 0x00000007c0000000)
  region size 1024K, 1 young (1024K), 1 survivors (1024K)
 Metaspace       used 79663K, capacity 85278K, committed 85500K, reserved 1122304K
  class space    used 10735K, capacity 11701K, committed 11772K, reserved 1048576K
}
Event: 1185.612 GC heap before
{Heap before GC invocations=251 (full 108):
 garbage-first heap   total 189440K, used 127046K [0x0000000700000000, 0x00000007001005c8, 0x00000007c0000000)
  region size 1024K, 60 young (61440K), 1 survivors (1024K)
 Metaspace       used 79669K, capacity 85278K, committed 85500K, reserved 1122304K
  class space    used 10735K, capacity 11701K, committed 11772K, reserved 1048576K
}
Event: 1185.616 GC heap after
{Heap after GC invocations=252 (full 108):
 garbage-first heap   total 189440K, used 66651K [0x0000000700000000, 0x00000007001005c8, 0x00000007c0000000)
  region size 1024K, 1 young (1024K), 1 survivors (1024K)
 Metaspace       used 79669K, capacity 85278K, committed 85500K, reserved 1122304K
  class space    used 10735K, capacity 11701K, committed 11772K, reserved 1048576K
}
Event: 1186.602 GC heap before
{Heap before GC invocations=252 (full 108):
 garbage-first heap   total 189440K, used 84059K [0x0000000700000000, 0x00000007001005c8, 0x00000007c0000000)
  region size 1024K, 19 young (19456K), 1 survivors (1024K)
 Metaspace       used 79673K, capacity 85278K, committed 85500K, reserved 1122304K
  class space    used 10735K, capacity 11701K, committed 11772K, reserved 1048576K
}
Event: 1186.784 GC heap after
{Heap after GC invocations=253 (full 109):
 garbage-first heap   total 189440K, used 62799K [0x0000000700000000, 0x00000007001005c8, 0x00000007c0000000)
  region size 1024K, 0 young (0K), 0 survivors (0K)
 Metaspace       used 79673K, capacity 85278K, committed 85500K, reserved 1122304K
  class space    used 10735K, capacity 11701K, committed 11772K, reserved 1048576K
}

