# JRE version: Java(TM) SE Runtime Environment (9.0+11) (build 9.0.4+11)
# Java VM: Java HotSpot(TM) 64-Bit Server VM (9.0.4+11, mixed mode, tiered, compressed oops, g1 gc, windows-amd64)
Heap:
 garbage-first heap   total 212992K, used 128666K [0x0000000700000000, 0x0000000700100680, 0x00000007c0000000)
  region size 1024K, 54 young (55296K), 1 survivors (1024K)
 Metaspace       used 84554K, capacity 87546K, committed 93436K, reserved 1130496K
  class space    used 11201K, capacity 11797K, committed 13052K, reserved 1048576K
GC Heap History (10 events):
Event: 3922.697 GC heap before
{Heap before GC invocations=782 (full 198):
 garbage-first heap   total 212992K, used 79430K [0x0000000700000000, 0x0000000700100680, 0x00000007c0000000)
  region size 1024K, 5 young (5120K), 0 survivors (0K)
 Metaspace       used 84547K, capacity 87546K, committed 93436K, reserved 1130496K
  class space    used 11201K, capacity 11797K, committed 13052K, reserved 1048576K
}
Event: 3922.897 GC heap after
{Heap after GC invocations=783 (full 199):
 garbage-first heap   total 212992K, used 74916K [0x0000000700000000, 0x0000000700100680, 0x00000007c0000000)
  region size 1024K, 0 young (0K), 0 survivors (0K)
 Metaspace       used 84547K, capacity 87546K, committed 93436K, reserved 1130496K
  class space    used 11201K, capacity 11797K, committed 13052K, reserved 1048576K
}
Event: 3924.469 GC heap before
{Heap before GC invocations=783 (full 199):
 garbage-first heap   total 212992K, used 83108K [0x0000000700000000, 0x0000000700100680, 0x00000007c0000000)
  region size 1024K, 9 young (9216K), 0 survivors (0K)
 Metaspace       used 84547K, capacity 87546K, committed 93436K, reserved 1130496K
  class space    used 11201K, capacity 11797K, committed 13052K, reserved 1048576K
}
Event: 3924.670 GC heap after
{Heap after GC invocations=784 (full 200):
 garbage-first heap   total 212992K, used 75206K [0x0000000700000000, 0x0000000700100680, 0x00000007c0000000)
  region size 1024K, 0 young (0K), 0 survivors (0K)
 Metaspace       used 84547K, capacity 87546K, committed 93436K, reserved 1130496K
  class space    used 11201K, capacity 11797K, committed 13052K, reserved 1048576K
}
Event: 3925.801 GC heap before
{Heap before GC invocations=784 (full 200):
 garbage-first heap   total 212992K, used 85446K [0x0000000700000000, 0x0000000700100680, 0x00000007c0000000)
  region size 1024K, 11 young (11264K), 0 survivors (0K)
 Metaspace       used 84547K, capacity 87546K, committed 93436K, reserved 1130496K
  class space    used 11201K, capacity 11797K, committed 13052K, reserved 1048576K
}
Event: 3926.004 GC heap after
{Heap after GC invocations=785 (full 201):
 garbage-first heap   total 212992K, used 75259K [0x0000000700000000, 0x0000000700100680, 0x00000007c0000000)
  region size 1024K, 0 young (0K), 0 survivors (0K)
 Metaspace       used 84547K, capacity 87546K, committed 93436K, reserved 1130496K
  class space    used 11201K, capacity 11797K, committed 13052K, reserved 1048576K
}
Event: 3927.078 GC heap before
{Heap before GC invocations=785 (full 201):
 garbage-first heap   total 212992K, used 79355K [0x0000000700000000, 0x0000000700100680, 0x00000007c0000000)
  region size 1024K, 5 young (5120K), 0 survivors (0K)
 Metaspace       used 84547K, capacity 87546K, committed 93436K, reserved 1130496K
  class space    used 11201K, capacity 11797K, committed 13052K, reserved 1048576K
}
Event: 3927.278 GC heap after
{Heap after GC invocations=786 (full 202):
 garbage-first heap   total 212992K, used 74876K [0x0000000700000000, 0x0000000700100680, 0x00000007c0000000)
  region size 1024K, 0 young (0K), 0 survivors (0K)
 Metaspace       used 84547K, capacity 87546K, committed 93436K, reserved 1130496K
  class space    used 11201K, capacity 11797K, committed 13052K, reserved 1048576K
}
Event: 3951.370 GC heap before
{Heap before GC invocations=786 (full 202):
 garbage-first heap   total 212992K, used 136316K [0x0000000700000000, 0x0000000700100680, 0x00000007c0000000)
  region size 1024K, 60 young (61440K), 0 survivors (0K)
 Metaspace       used 84547K, capacity 87546K, committed 93436K, reserved 1130496K
  class space    used 11201K, capacity 11797K, committed 13052K, reserved 1048576K
}
Event: 3951.373 GC heap after
{Heap after GC invocations=787 (full 202):
 garbage-first heap   total 212992K, used 75418K [0x0000000700000000, 0x0000000700100680, 0x00000007c0000000)
  region size 1024K, 1 young (1024K), 1 survivors (1024K)
 Metaspace       used 84547K, capacity 87546K, committed 93436K, reserved 1130496K
  class space    used 11201K, capacity 11797K, committed 13052K, reserved 1048576K
}

