# JRE version: Java(TM) SE Runtime Environment (9.0+11) (build 9.0.4+11)
# Java VM: Java HotSpot(TM) 64-Bit Server VM (9.0.4+11, mixed mode, tiered, compressed oops, g1 gc, windows-amd64)
Heap:
 garbage-first heap   total 375808K, used 145242K [0x0000000700000000, 0x0000000700100b78, 0x00000007c0000000)
  region size 1024K, 31 young (31744K), 1 survivors (1024K)
 Metaspace       used 94754K, capacity 97086K, committed 106364K, reserved 1140736K
  class space    used 13085K, capacity 13587K, committed 15484K, reserved 1048576K
GC Heap History (10 events):
Event: 9096.420 GC heap before
{Heap before GC invocations=1923 (full 521):
 garbage-first heap   total 375808K, used 175864K [0x0000000700000000, 0x0000000700100b78, 0x00000007c0000000)
  region size 1024K, 60 young (61440K), 1 survivors (1024K)
 Metaspace       used 94753K, capacity 97086K, committed 106364K, reserved 1140736K
  class space    used 13085K, capacity 13587K, committed 15484K, reserved 1048576K
}
Event: 9096.424 GC heap after
{Heap after GC invocations=1924 (full 521):
 garbage-first heap   total 375808K, used 115898K [0x0000000700000000, 0x0000000700100b78, 0x00000007c0000000)
  region size 1024K, 2 young (2048K), 2 survivors (2048K)
 Metaspace       used 94753K, capacity 97086K, committed 106364K, reserved 1140736K
  class space    used 13085K, capacity 13587K, committed 15484K, reserved 1048576K
}
Event: 9098.422 GC heap before
{Heap before GC invocations=1924 (full 521):
 garbage-first heap   total 375808K, used 175290K [0x0000000700000000, 0x0000000700100b78, 0x00000007c0000000)
  region size 1024K, 60 young (61440K), 2 survivors (2048K)
 Metaspace       used 94753K, capacity 97086K, committed 106364K, reserved 1140736K
  class space    used 13085K, capacity 13587K, committed 15484K, reserved 1048576K
}
Event: 9098.426 GC heap after
{Heap after GC invocations=1925 (full 521):
 garbage-first heap   total 375808K, used 115927K [0x0000000700000000, 0x0000000700100b78, 0x00000007c0000000)
  region size 1024K, 2 young (2048K), 2 survivors (2048K)
 Metaspace       used 94753K, capacity 97086K, committed 106364K, reserved 1140736K
  class space    used 13085K, capacity 13587K, committed 15484K, reserved 1048576K
}
Event: 9100.386 GC heap before
{Heap before GC invocations=1925 (full 521):
 garbage-first heap   total 375808K, used 175319K [0x0000000700000000, 0x0000000700100b78, 0x00000007c0000000)
  region size 1024K, 60 young (61440K), 2 survivors (2048K)
 Metaspace       used 94753K, capacity 97086K, committed 106364K, reserved 1140736K
  class space    used 13085K, capacity 13587K, committed 15484K, reserved 1048576K
}
Event: 9100.390 GC heap after
{Heap after GC invocations=1926 (full 521):
 garbage-first heap   total 375808K, used 115493K [0x0000000700000000, 0x0000000700100b78, 0x00000007c0000000)
  region size 1024K, 1 young (1024K), 1 survivors (1024K)
 Metaspace       used 94753K, capacity 97086K, committed 106364K, reserved 1140736K
  class space    used 13085K, capacity 13587K, committed 15484K, reserved 1048576K
}
Event: 9102.369 GC heap before
{Heap before GC invocations=1926 (full 521):
 garbage-first heap   total 375808K, used 175909K [0x0000000700000000, 0x0000000700100b78, 0x00000007c0000000)
  region size 1024K, 60 young (61440K), 1 survivors (1024K)
 Metaspace       used 94753K, capacity 97086K, committed 106364K, reserved 1140736K
  class space    used 13085K, capacity 13587K, committed 15484K, reserved 1048576K
}
Event: 9102.373 GC heap after
{Heap after GC invocations=1927 (full 521):
 garbage-first heap   total 375808K, used 115463K [0x0000000700000000, 0x0000000700100b78, 0x00000007c0000000)
  region size 1024K, 1 young (1024K), 1 survivors (1024K)
 Metaspace       used 94753K, capacity 97086K, committed 106364K, reserved 1140736K
  class space    used 13085K, capacity 13587K, committed 15484K, reserved 1048576K
}
Event: 9110.564 GC heap before
{Heap before GC invocations=1927 (full 521):
 garbage-first heap   total 375808K, used 175879K [0x0000000700000000, 0x0000000700100b78, 0x00000007c0000000)
  region size 1024K, 60 young (61440K), 1 survivors (1024K)
 Metaspace       used 94753K, capacity 97086K, committed 106364K, reserved 1140736K
  class space    used 13085K, capacity 13587K, committed 15484K, reserved 1048576K
}
Event: 9110.570 GC heap after
{Heap after GC invocations=1928 (full 521):
 garbage-first heap   total 375808K, used 115546K [0x0000000700000000, 0x0000000700100b78, 0x00000007c0000000)
  region size 1024K, 1 young (1024K), 1 survivors (1024K)
 Metaspace       used 94753K, capacity 97086K, committed 106364K, reserved 1140736K
  class space    used 13085K, capacity 13587K, committed 15484K, reserved 1048576K
}

