# JRE version: Java(TM) SE Runtime Environment (9.0+11) (build 9.0.4+11)
# Java VM: Java HotSpot(TM) 64-Bit Server VM (9.0.4+11, mixed mode, tiered, compressed oops, g1 gc, windows-amd64)
Heap:
 garbage-first heap   total 222208K, used 91543K [0x0000000700000000, 0x00000007001006c8, 0x00000007c0000000)
  region size 1024K, 23 young (23552K), 1 survivors (1024K)
 Metaspace       used 83200K, capacity 89618K, committed 89724K, reserved 1126400K
  class space    used 11277K, capacity 12397K, committed 12412K, reserved 1048576K
GC Heap History (10 events):
Event: 2544.568 GC heap before
{Heap before GC invocations=496 (full 34):
 garbage-first heap   total 222208K, used 80620K [0x0000000700000000, 0x00000007001006c8, 0x00000007c0000000)
  region size 1024K, 8 young (8192K), 0 survivors (0K)
 Metaspace       used 83146K, capacity 89554K, committed 89724K, reserved 1126400K
  class space    used 11277K, capacity 12397K, committed 12412K, reserved 1048576K
}
Event: 2544.570 GC heap after
{Heap after GC invocations=497 (full 34):
 garbage-first heap   total 222208K, used 73759K [0x0000000700000000, 0x00000007001006c8, 0x00000007c0000000)
  region size 1024K, 1 young (1024K), 1 survivors (1024K)
 Metaspace       used 83146K, capacity 89554K, committed 89724K, reserved 1126400K
  class space    used 11277K, capacity 12397K, committed 12412K, reserved 1048576K
}
Event: 2547.214 GC heap before
{Heap before GC invocations=497 (full 34):
 garbage-first heap   total 222208K, used 79903K [0x0000000700000000, 0x00000007001006c8, 0x00000007c0000000)
  region size 1024K, 8 young (8192K), 1 survivors (1024K)
 Metaspace       used 83176K, capacity 89618K, committed 89724K, reserved 1126400K
  class space    used 11277K, capacity 12397K, committed 12412K, reserved 1048576K
}
Event: 2547.412 GC heap after
{Heap after GC invocations=498 (full 35):
 garbage-first heap   total 222208K, used 69316K [0x0000000700000000, 0x00000007001006c8, 0x00000007c0000000)
  region size 1024K, 0 young (0K), 0 survivors (0K)
 Metaspace       used 83176K, capacity 89618K, committed 89724K, reserved 1126400K
  class space    used 11277K, capacity 12397K, committed 12412K, reserved 1048576K
}
Event: 2550.231 GC heap before
{Heap before GC invocations=498 (full 35):
 garbage-first heap   total 222208K, used 75460K [0x0000000700000000, 0x00000007001006c8, 0x00000007c0000000)
  region size 1024K, 7 young (7168K), 0 survivors (0K)
 Metaspace       used 83181K, capacity 89618K, committed 89724K, reserved 1126400K
  class space    used 11277K, capacity 12397K, committed 12412K, reserved 1048576K
}
Event: 2550.429 GC heap after
{Heap after GC invocations=499 (full 36):
 garbage-first heap   total 222208K, used 69321K [0x0000000700000000, 0x00000007001006c8, 0x00000007c0000000)
  region size 1024K, 0 young (0K), 0 survivors (0K)
 Metaspace       used 83181K, capacity 89618K, committed 89724K, reserved 1126400K
  class space    used 11277K, capacity 12397K, committed 12412K, reserved 1048576K
}
Event: 2561.021 GC heap before
{Heap before GC invocations=499 (full 36):
 garbage-first heap   total 222208K, used 130761K [0x0000000700000000, 0x00000007001006c8, 0x00000007c0000000)
  region size 1024K, 60 young (61440K), 0 survivors (0K)
 Metaspace       used 83183K, capacity 89618K, committed 89724K, reserved 1126400K
  class space    used 11277K, capacity 12397K, committed 12412K, reserved 1048576K
}
Event: 2561.026 GC heap after
{Heap after GC invocations=500 (full 36):
 garbage-first heap   total 222208K, used 70532K [0x0000000700000000, 0x00000007001006c8, 0x00000007c0000000)
  region size 1024K, 2 young (2048K), 2 survivors (2048K)
 Metaspace       used 83183K, capacity 89618K, committed 89724K, reserved 1126400K
  class space    used 11277K, capacity 12397K, committed 12412K, reserved 1048576K
}
Event: 2562.919 GC heap before
{Heap before GC invocations=500 (full 36):
 garbage-first heap   total 222208K, used 129924K [0x0000000700000000, 0x00000007001006c8, 0x00000007c0000000)
  region size 1024K, 60 young (61440K), 2 survivors (2048K)
 Metaspace       used 83198K, capacity 89618K, committed 89724K, reserved 1126400K
  class space    used 11277K, capacity 12397K, committed 12412K, reserved 1048576K
}
Event: 2562.922 GC heap after
{Heap after GC invocations=501 (full 36):
 garbage-first heap   total 222208K, used 70039K [0x0000000700000000, 0x00000007001006c8, 0x00000007c0000000)
  region size 1024K, 1 young (1024K), 1 survivors (1024K)
 Metaspace       used 83198K, capacity 89618K, committed 89724K, reserved 1126400K
  class space    used 11277K, capacity 12397K, committed 12412K, reserved 1048576K
}

